<?xml version="1.0" encoding="UTF-8"?>
<testsuite name="QRCodeApiTest" tests="1" skipped="0" failures="0" errors="0" timestamp="2024-02-14T06:46:14" hostname="Ahmads-MacBook-Air.local" time="1.12">
  <properties/>
  <testcase name="start" classname="QRCodeApiTest" time="1.12"/>
  <system-out><![CDATA[?[1;31m
Start test 1?[0m
?[0;34m
?[0m?[0;34m  .   ____          _            __ _ _
?[0m?[0;34m /\\ / ___'_ __ _ _(_)_ __  __ _ \ \ \ \
?[0m?[0;34m( ( )\___ | '_ | '_| | '_ \/ _` | \ \ \ \
?[0m?[0;34m \\/  ___)| |_)| | | | | || (_| |  ) ) ) )
?[0m?[0;34m  '  |____| .__|_| |_|_| |_\__, | / / / /
?[0m?[0;34m =========|_|==============|___/=/_/_/_/
?[0m?[0;34m :: Spring Boot ::                (v3.0.2)
?[0m?[0;34m
?[0m?[0;34m2024-02-14T13:46:14.452+07:00  INFO 7085 --- [    Test worker] qrcodeapi.Application                    : Starting Application using Java 17.0.10 with PID 7085 (started by afp in /Users/afp/IdeaProjects/QRCode Service/QRCode Service/task)
?[0m?[0;34m2024-02-14T13:46:14.454+07:00  INFO 7085 --- [    Test worker] qrcodeapi.Application                    : No active profile set, falling back to 1 default profile: "default"
?[0m?[0;34m2024-02-14T13:46:14.880+07:00  INFO 7085 --- [    Test worker] o.s.b.w.embedded.tomcat.TomcatWebServer  : Tomcat initialized with port(s): 8080 (http)
?[0m?[0;34m2024-02-14T13:46:14.885+07:00  INFO 7085 --- [    Test worker] o.apache.catalina.core.StandardService   : Starting service [Tomcat]
?[0m?[0;34m2024-02-14T13:46:14.885+07:00  INFO 7085 --- [    Test worker] o.apache.catalina.core.StandardEngine    : Starting Servlet engine: [Apache Tomcat/10.1.5]
?[0m?[0;34m2024-02-14T13:46:14.921+07:00  INFO 7085 --- [    Test worker] o.a.c.c.C.[Tomcat].[localhost].[/]       : Initializing Spring embedded WebApplicationContext
?[0m?[0;34m2024-02-14T13:46:14.921+07:00  INFO 7085 --- [    Test worker] w.s.c.ServletWebServerApplicationContext : Root WebApplicationContext: initialization completed in 449 ms
?[0m?[0;34m2024-02-14T13:46:15.116+07:00  INFO 7085 --- [    Test worker] o.s.b.a.e.web.EndpointLinksResolver      : Exposing 1 endpoint(s) beneath base path '/actuator'
?[0m?[0;34m2024-02-14T13:46:15.140+07:00  INFO 7085 --- [    Test worker] o.s.b.w.embedded.tomcat.TomcatWebServer  : Tomcat started on port(s): 8080 (http) with context path ''
?[0m?[0;34m2024-02-14T13:46:15.148+07:00  INFO 7085 --- [    Test worker] qrcodeapi.Application                    : Started Application in 0.819 seconds (process running for 1.159)
?[0;34m2024-02-14T13:46:15.276+07:00  INFO 7085 --- [nio-8080-exec-1] o.a.c.c.C.[Tomcat].[localhost].[/]       : Initializing Spring DispatcherServlet 'dispatcherServlet'
?[0m?[0;34m2024-02-14T13:46:15.276+07:00  INFO 7085 --- [nio-8080-exec-1] o.s.web.servlet.DispatcherServlet        : Initializing Servlet 'dispatcherServlet'
?[0m?[0;34m2024-02-14T13:46:15.277+07:00  INFO 7085 --- [nio-8080-exec-1] o.s.web.servlet.DispatcherServlet        : Completed initialization in 1 ms
?[0m?[1;31m
Start test 2?[0m
]]></system-out>
  <system-err><![CDATA[]]></system-err>
</testsuite>
